<?xml version="1.0" encoding="UTF-8"?>
<!-- Generated by org.testng.reporters.JUnitReportReporter -->
<testsuite hostname="nadeemzaya-crio-users" failures="0" tests="12" name="QKART_TESTNG.QKART_Tests" time="212.730" errors="0" timestamp="2022-10-15T14:56:33 IST" skipped="0">
  <testcase classname="QKART_TESTNG.QKART_Tests" name="TestCase01" time="8.347"/>
  <system-out/>
  <testcase classname="QKART_TESTNG.QKART_Tests" name="TestCase02" time="34.810"/>
  <system-out/>
  <testcase classname="QKART_TESTNG.QKART_Tests" name="TestCase03" time="33.156"/>
  <system-out/>
  <testcase classname="QKART_TESTNG.QKART_Tests" name="TestCase04" time="9.006"/>
  <system-out/>
  <testcase classname="QKART_TESTNG.QKART_Tests" name="TestCase05" time="15.979"/>
  <system-out/>
  <testcase classname="QKART_TESTNG.QKART_Tests" name="TestCase06" time="20.936"/>
  <system-out/>
  <testcase classname="QKART_TESTNG.QKART_Tests" name="TestCase07" time="15.356"/>
  <system-out/>
  <testcase classname="QKART_TESTNG.QKART_Tests" name="TestCase08" time="34.280"/>
  <system-out/>
  <testcase classname="QKART_TESTNG.QKART_Tests" name="TestCase09" time="10.891"/>
  <system-out/>
  <testcase classname="QKART_TESTNG.QKART_Tests" name="TestCase10" time="8.039"/>
  <system-out/>
  <testcase classname="QKART_TESTNG.QKART_Tests" name="TestCase11" time="3.103"/>
  <system-out/>
  <testcase classname="QKART_TESTNG.QKART_Tests" name="TestCase12" time="18.827"/>
  <system-out/>
</testsuite> <!-- QKART_TESTNG.QKART_Tests -->
